<?xml version="1.0" encoding="UTF-8"?>
<coverage generated="1730482416187" clover="3.2.0">
  <project timestamp="1730482416187" name="All files">
    <metrics statements="54" coveredstatements="54" conditionals="17" coveredconditionals="17" methods="13" coveredmethods="13" elements="84" coveredelements="84" complexity="0" loc="54" ncloc="54" packages="5" files="5" classes="5"/>
    <package name="Button">
      <metrics statements="3" coveredstatements="3" conditionals="0" coveredconditionals="0" methods="1" coveredmethods="1"/>
      <file name="index.tsx" path="C:\joao\VisualStudioArquivos\Estudos\javascript\DEV Sem Limites\Aulas\5-Fundamentos do ReactJS\Aula 2 Projeto Criado com Vite\projeto-01-quiz\src\components\Button\index.tsx">
        <metrics statements="3" coveredstatements="3" conditionals="0" coveredconditionals="0" methods="1" coveredmethods="1"/>
        <line num="2" count="1" type="stmt"/>
        <line num="8" count="1" type="stmt"/>
        <line num="9" count="15" type="stmt"/>
      </file>
    </package>
    <package name="ProgressBar">
      <metrics statements="6" coveredstatements="6" conditionals="2" coveredconditionals="2" methods="3" coveredmethods="3"/>
      <file name="index.tsx" path="C:\joao\VisualStudioArquivos\Estudos\javascript\DEV Sem Limites\Aulas\5-Fundamentos do ReactJS\Aula 2 Projeto Criado com Vite\projeto-01-quiz\src\components\ProgressBar\index.tsx">
        <metrics statements="6" coveredstatements="6" conditionals="2" coveredconditionals="2" methods="3" coveredmethods="3"/>
        <line num="1" count="1" type="stmt"/>
        <line num="3" count="1" type="stmt"/>
        <line num="11" count="1" type="stmt"/>
        <line num="12" count="116" type="stmt"/>
        <line num="14" count="29" type="stmt"/>
        <line num="18" count="116" type="stmt"/>
      </file>
    </package>
    <package name="QuestionAnswer">
      <metrics statements="4" coveredstatements="4" conditionals="0" coveredconditionals="0" methods="2" coveredmethods="2"/>
      <file name="index.tsx" path="C:\joao\VisualStudioArquivos\Estudos\javascript\DEV Sem Limites\Aulas\5-Fundamentos do ReactJS\Aula 2 Projeto Criado com Vite\projeto-01-quiz\src\components\QuestionAnswer\index.tsx">
        <metrics statements="4" coveredstatements="4" conditionals="0" coveredconditionals="0" methods="2" coveredmethods="2"/>
        <line num="2" count="1" type="stmt"/>
        <line num="18" count="1" type="stmt"/>
        <line num="21" count="116" type="stmt"/>
        <line num="26" count="13" type="stmt"/>
      </file>
    </package>
    <package name="Quiz">
      <metrics statements="37" coveredstatements="37" conditionals="15" coveredconditionals="15" methods="6" coveredmethods="6"/>
      <file name="index.tsx" path="C:\joao\VisualStudioArquivos\Estudos\javascript\DEV Sem Limites\Aulas\5-Fundamentos do ReactJS\Aula 2 Projeto Criado com Vite\projeto-01-quiz\src\components\Quiz\index.tsx">
        <metrics statements="37" coveredstatements="37" conditionals="15" coveredconditionals="15" methods="6" coveredmethods="6"/>
        <line num="1" count="1" type="stmt"/>
        <line num="3" count="1" type="stmt"/>
        <line num="5" count="1" type="stmt"/>
        <line num="6" count="1" type="stmt"/>
        <line num="7" count="1" type="stmt"/>
        <line num="8" count="1" type="stmt"/>
        <line num="18" count="1" type="stmt"/>
        <line num="51" count="1" type="stmt"/>
        <line num="52" count="31" type="stmt"/>
        <line num="53" count="31" type="stmt"/>
        <line num="54" count="31" type="stmt"/>
        <line num="55" count="31" type="stmt"/>
        <line num="57" count="31" type="stmt"/>
        <line num="59" count="31" type="stmt"/>
        <line num="60" count="31" type="stmt"/>
        <line num="63" count="31" type="stmt"/>
        <line num="70" count="13" type="stmt"/>
        <line num="73" count="13" type="cond" truecount="2" falsecount="0"/>
        <line num="74" count="13" type="stmt"/>
        <line num="76" count="13" type="cond" truecount="1" falsecount="0"/>
        <line num="78" count="11" type="stmt"/>
        <line num="79" count="11" type="stmt"/>
        <line num="85" count="13" type="stmt"/>
        <line num="91" count="31" type="stmt"/>
        <line num="93" count="9" type="cond" truecount="2" falsecount="0"/>
        <line num="95" count="7" type="stmt"/>
        <line num="96" count="7" type="stmt"/>
        <line num="98" count="2" type="stmt"/>
        <line num="101" count="9" type="stmt"/>
        <line num="104" count="31" type="stmt"/>
        <line num="106" count="1" type="stmt"/>
        <line num="107" count="1" type="stmt"/>
        <line num="108" count="1" type="stmt"/>
        <line num="112" count="31" type="stmt"/>
        <line num="114" count="31" type="cond" truecount="2" falsecount="0"/>
        <line num="115" count="31" type="stmt"/>
        <line num="133" count="116" type="stmt"/>
      </file>
    </package>
    <package name="Result">
      <metrics statements="4" coveredstatements="4" conditionals="0" coveredconditionals="0" methods="1" coveredmethods="1"/>
      <file name="index.tsx" path="C:\joao\VisualStudioArquivos\Estudos\javascript\DEV Sem Limites\Aulas\5-Fundamentos do ReactJS\Aula 2 Projeto Criado com Vite\projeto-01-quiz\src\components\Result\index.tsx">
        <metrics statements="4" coveredstatements="4" conditionals="0" coveredconditionals="0" methods="1" coveredmethods="1"/>
        <line num="1" count="1" type="stmt"/>
        <line num="3" count="1" type="stmt"/>
        <line num="11" count="1" type="stmt"/>
        <line num="13" count="2" type="stmt"/>
      </file>
    </package>
  </project>
</coverage>
