{"C:\\joao\\VisualStudioArquivos\\Estudos\\javascript\\DEV Sem Limites\\Aulas\\5-Fundamentos do ReactJS\\Aula 2 Projeto Criado com Vite\\projeto-01-quiz\\src\\components\\Button\\index.tsx": {"path":"C:\\joao\\VisualStudioArquivos\\Estudos\\javascript\\DEV Sem Limites\\Aulas\\5-Fundamentos do ReactJS\\Aula 2 Projeto Criado com Vite\\projeto-01-quiz\\src\\components\\Button\\index.tsx","statementMap":{"0":{"start":{"line":2,"column":0},"end":{"line":2,"column":35}},"1":{"start":{"line":9,"column":4},"end":{"line":13,"column":null}},"2":{"start":{"line":8,"column":0},"end":{"line":8,"column":16}}},"fnMap":{"0":{"name":"Button","decl":{"start":{"line":8,"column":16},"end":{"line":8,"column":22}},"loc":{"start":{"line":8,"column":42},"end":{"line":14,"column":1}}}},"branchMap":{},"s":{"0":1,"1":15,"2":1},"f":{"0":15},"b":{}}
,"C:\\joao\\VisualStudioArquivos\\Estudos\\javascript\\DEV Sem Limites\\Aulas\\5-Fundamentos do ReactJS\\Aula 2 Projeto Criado com Vite\\projeto-01-quiz\\src\\components\\ProgressBar\\index.tsx": {"path":"C:\\joao\\VisualStudioArquivos\\Estudos\\javascript\\DEV Sem Limites\\Aulas\\5-Fundamentos do ReactJS\\Aula 2 Projeto Criado com Vite\\projeto-01-quiz\\src\\components\\ProgressBar\\index.tsx","statementMap":{"0":{"start":{"line":1,"column":0},"end":{"line":1,"column":35}},"1":{"start":{"line":3,"column":0},"end":{"line":3,"column":35}},"2":{"start":{"line":12,"column":29},"end":{"line":12,"column":87}},"3":{"start":{"line":12,"column":78},"end":{"line":12,"column":86}},"4":{"start":{"line":14,"column":4},"end":{"line":25,"column":null}},"5":{"start":{"line":18,"column":20},"end":{"line":19,"column":null}},"6":{"start":{"line":11,"column":0},"end":{"line":11,"column":16}}},"fnMap":{"0":{"name":"ProgressBar","decl":{"start":{"line":11,"column":16},"end":{"line":11,"column":27}},"loc":{"start":{"line":11,"column":52},"end":{"line":26,"column":1}}},"1":{"name":"(anonymous_1)","decl":{"start":{"line":12,"column":65},"end":{"line":12,"column":66}},"loc":{"start":{"line":12,"column":78},"end":{"line":12,"column":86}}},"2":{"name":"(anonymous_2)","decl":{"start":{"line":17,"column":38},"end":{"line":17,"column":42}},"loc":{"start":{"line":18,"column":20},"end":{"line":19,"column":null}}}},"branchMap":{"0":{"loc":{"start":{"line":20,"column":54},"end":{"line":20,"column":95}},"type":"cond-expr","locations":[{"start":{"line":20,"column":82},"end":{"line":20,"column":90}},{"start":{"line":20,"column":93},"end":{"line":20,"column":95}}]}},"s":{"0":1,"1":1,"2":29,"3":116,"4":29,"5":116,"6":1},"f":{"0":29,"1":116,"2":116},"b":{"0":[54,62]}}
,"C:\\joao\\VisualStudioArquivos\\Estudos\\javascript\\DEV Sem Limites\\Aulas\\5-Fundamentos do ReactJS\\Aula 2 Projeto Criado com Vite\\projeto-01-quiz\\src\\components\\QuestionAnswer\\index.tsx": {"path":"C:\\joao\\VisualStudioArquivos\\Estudos\\javascript\\DEV Sem Limites\\Aulas\\5-Fundamentos do ReactJS\\Aula 2 Projeto Criado com Vite\\projeto-01-quiz\\src\\components\\QuestionAnswer\\index.tsx","statementMap":{"0":{"start":{"line":2,"column":0},"end":{"line":2,"column":36}},"1":{"start":{"line":21,"column":2},"end":{"line":34,"column":4}},"2":{"start":{"line":26,"column":8},"end":{"line":26,"column":71}},"3":{"start":{"line":18,"column":0},"end":{"line":18,"column":16}}},"fnMap":{"0":{"name":"QuestionAnswer","decl":{"start":{"line":18,"column":16},"end":{"line":18,"column":30}},"loc":{"start":{"line":18,"column":57},"end":{"line":35,"column":1}}},"1":{"name":"(anonymous_1)","decl":{"start":{"line":25,"column":15},"end":{"line":25,"column":16}},"loc":{"start":{"line":26,"column":8},"end":{"line":26,"column":71}}}},"branchMap":{},"s":{"0":1,"1":116,"2":13,"3":1},"f":{"0":116,"1":13},"b":{}}
,"C:\\joao\\VisualStudioArquivos\\Estudos\\javascript\\DEV Sem Limites\\Aulas\\5-Fundamentos do ReactJS\\Aula 2 Projeto Criado com Vite\\projeto-01-quiz\\src\\components\\Quiz\\index.tsx": {"path":"C:\\joao\\VisualStudioArquivos\\Estudos\\javascript\\DEV Sem Limites\\Aulas\\5-Fundamentos do ReactJS\\Aula 2 Projeto Criado com Vite\\projeto-01-quiz\\src\\components\\Quiz\\index.tsx","statementMap":{"0":{"start":{"line":1,"column":0},"end":{"line":1,"column":45}},"1":{"start":{"line":3,"column":0},"end":{"line":3,"column":51}},"2":{"start":{"line":5,"column":0},"end":{"line":5,"column":36}},"3":{"start":{"line":6,"column":0},"end":{"line":6,"column":35}},"4":{"start":{"line":7,"column":0},"end":{"line":7,"column":35}},"5":{"start":{"line":8,"column":0},"end":{"line":8,"column":45}},"6":{"start":{"line":18,"column":30},"end":{"line":49,"column":2}},"7":{"start":{"line":52,"column":58},"end":{"line":52,"column":69}},"8":{"start":{"line":53,"column":54},"end":{"line":53,"column":65}},"9":{"start":{"line":54,"column":64},"end":{"line":54,"column":79}},"10":{"start":{"line":55,"column":42},"end":{"line":55,"column":56}},"11":{"start":{"line":57,"column":4},"end":{"line":57,"column":28}},"12":{"start":{"line":59,"column":19},"end":{"line":59,"column":35}},"13":{"start":{"line":60,"column":32},"end":{"line":60,"column":56}},"14":{"start":{"line":63,"column":31},"end":{"line":86,"column":3}},"15":{"start":{"line":70,"column":6},"end":{"line":71,"column":12}},"16":{"start":{"line":73,"column":28},"end":{"line":73,"column":67}},"17":{"start":{"line":74,"column":4},"end":{"line":74,"column":58}},"18":{"start":{"line":76,"column":4},"end":{"line":81,"column":5}},"19":{"start":{"line":78,"column":6},"end":{"line":78,"column":52}},"20":{"start":{"line":79,"column":6},"end":{"line":79,"column":40}},"21":{"start":{"line":85,"column":4},"end":{"line":85,"column":37}},"22":{"start":{"line":91,"column":29},"end":{"line":102,"column":3}},"23":{"start":{"line":93,"column":4},"end":{"line":99,"column":5}},"24":{"start":{"line":95,"column":6},"end":{"line":95,"column":52}},"25":{"start":{"line":95,"column":41},"end":{"line":95,"column":50}},"26":{"start":{"line":96,"column":6},"end":{"line":96,"column":41}},"27":{"start":{"line":98,"column":6},"end":{"line":98,"column":29}},"28":{"start":{"line":101,"column":4},"end":{"line":101,"column":38}},"29":{"start":{"line":104,"column":25},"end":{"line":109,"column":3}},"30":{"start":{"line":106,"column":4},"end":{"line":106,"column":26}},"31":{"start":{"line":107,"column":4},"end":{"line":107,"column":29}},"32":{"start":{"line":108,"column":4},"end":{"line":108,"column":31}},"33":{"start":{"line":112,"column":26},"end":{"line":112,"column":57}},"34":{"start":{"line":114,"column":4},"end":{"line":114,"column":77}},"35":{"start":{"line":115,"column":2},"end":{"line":176,"column":4}},"36":{"start":{"line":133,"column":18},"end":{"line":133,"column":35}},"37":{"start":{"line":51,"column":0},"end":{"line":51,"column":16}}},"fnMap":{"0":{"name":"Quiz","decl":{"start":{"line":51,"column":16},"end":{"line":51,"column":20}},"loc":{"start":{"line":51,"column":20},"end":{"line":177,"column":1}}},"1":{"name":"(anonymous_1)","decl":{"start":{"line":63,"column":31},"end":{"line":63,"column":null}},"loc":{"start":{"line":67,"column":12},"end":{"line":86,"column":3}}},"2":{"name":"(anonymous_2)","decl":{"start":{"line":91,"column":29},"end":{"line":91,"column":32}},"loc":{"start":{"line":91,"column":34},"end":{"line":102,"column":3}}},"3":{"name":"(anonymous_3)","decl":{"start":{"line":95,"column":30},"end":{"line":95,"column":31}},"loc":{"start":{"line":95,"column":41},"end":{"line":95,"column":50}}},"4":{"name":"(anonymous_4)","decl":{"start":{"line":104,"column":25},"end":{"line":104,"column":28}},"loc":{"start":{"line":104,"column":30},"end":{"line":109,"column":3}}},"5":{"name":"(anonymous_5)","decl":{"start":{"line":132,"column":16},"end":{"line":132,"column":17}},"loc":{"start":{"line":133,"column":18},"end":{"line":133,"column":35}}}},"branchMap":{"0":{"loc":{"start":{"line":73,"column":28},"end":{"line":73,"column":67}},"type":"cond-expr","locations":[{"start":{"line":73,"column":44},"end":{"line":73,"column":53}},{"start":{"line":73,"column":56},"end":{"line":73,"column":67}}]},"1":{"loc":{"start":{"line":76,"column":4},"end":{"line":81,"column":5}},"type":"if","locations":[{"start":{"line":76,"column":4},"end":{"line":81,"column":5}}]},"2":{"loc":{"start":{"line":93,"column":4},"end":{"line":99,"column":5}},"type":"if","locations":[{"start":{"line":93,"column":4},"end":{"line":99,"column":5}},{"start":{"line":97,"column":11},"end":{"line":99,"column":5}}]},"3":{"loc":{"start":{"line":114,"column":4},"end":{"line":114,"column":77}},"type":"cond-expr","locations":[{"start":{"line":114,"column":41},"end":{"line":114,"column":56}},{"start":{"line":114,"column":59},"end":{"line":114,"column":77}}]},"4":{"loc":{"start":{"line":118,"column":9},"end":{"line":171,"column":null}},"type":"cond-expr","locations":[{"start":{"line":119,"column":10},"end":{"line":164,"column":null}},{"start":{"line":167,"column":10},"end":{"line":170,"column":null}}]},"5":{"loc":{"start":{"line":152,"column":13},"end":{"line":157,"column":null}},"type":"binary-expr","locations":[{"start":{"line":152,"column":13},"end":{"line":152,"column":36}},{"start":{"line":153,"column":14},"end":{"line":156,"column":null}}]},"6":{"loc":{"start":{"line":154,"column":17},"end":{"line":156,"column":40}},"type":"cond-expr","locations":[{"start":{"line":155,"column":20},"end":{"line":155,"column":38}},{"start":{"line":156,"column":20},"end":{"line":156,"column":40}}]},"7":{"loc":{"start":{"line":160,"column":13},"end":{"line":163,"column":null}},"type":"binary-expr","locations":[{"start":{"line":160,"column":13},"end":{"line":160,"column":36}},{"start":{"line":161,"column":14},"end":{"line":162,"column":null}}]}},"s":{"0":1,"1":1,"2":1,"3":1,"4":1,"5":1,"6":1,"7":31,"8":31,"9":31,"10":31,"11":31,"12":31,"13":31,"14":31,"15":13,"16":13,"17":13,"18":13,"19":11,"20":11,"21":13,"22":31,"23":9,"24":7,"25":7,"26":7,"27":2,"28":9,"29":31,"30":1,"31":1,"32":1,"33":31,"34":31,"35":31,"36":116,"37":1},"f":{"0":31,"1":13,"2":9,"3":7,"4":1,"5":116},"b":{"0":[11,2],"1":[11],"2":[7,2],"3":[6,25],"4":[29,2],"5":[29,13],"6":[11,2],"7":[29,13]}}
,"C:\\joao\\VisualStudioArquivos\\Estudos\\javascript\\DEV Sem Limites\\Aulas\\5-Fundamentos do ReactJS\\Aula 2 Projeto Criado com Vite\\projeto-01-quiz\\src\\components\\Result\\index.tsx": {"path":"C:\\joao\\VisualStudioArquivos\\Estudos\\javascript\\DEV Sem Limites\\Aulas\\5-Fundamentos do ReactJS\\Aula 2 Projeto Criado com Vite\\projeto-01-quiz\\src\\components\\Result\\index.tsx","statementMap":{"0":{"start":{"line":1,"column":0},"end":{"line":1,"column":35}},"1":{"start":{"line":3,"column":0},"end":{"line":3,"column":35}},"2":{"start":{"line":13,"column":4},"end":{"line":19,"column":null}},"3":{"start":{"line":11,"column":0},"end":{"line":11,"column":16}}},"fnMap":{"0":{"name":"Result","decl":{"start":{"line":11,"column":16},"end":{"line":11,"column":22}},"loc":{"start":{"line":11,"column":42},"end":{"line":20,"column":1}}}},"branchMap":{},"s":{"0":1,"1":1,"2":2,"3":1},"f":{"0":2},"b":{}}
}
