TN:
SF:src\components\Button\index.tsx
FN:8,Button
FNF:1
FNH:1
FNDA:15,Button
DA:2,1
DA:8,1
DA:9,15
LF:3
LH:3
BRF:0
BRH:0
end_of_record
TN:
SF:src\components\ProgressBar\index.tsx
FN:11,ProgressBar
FN:12,(anonymous_1)
FN:17,(anonymous_2)
FNF:3
FNH:3
FNDA:29,ProgressBar
FNDA:116,(anonymous_1)
FNDA:116,(anonymous_2)
DA:1,1
DA:3,1
DA:11,1
DA:12,116
DA:14,29
DA:18,116
LF:6
LH:6
BRDA:20,0,0,54
BRDA:20,0,1,62
BRF:2
BRH:2
end_of_record
TN:
SF:src\components\QuestionAnswer\index.tsx
FN:18,QuestionAnswer
FN:25,(anonymous_1)
FNF:2
FNH:2
FNDA:116,QuestionAnswer
FNDA:13,(anonymous_1)
DA:2,1
DA:18,1
DA:21,116
DA:26,13
LF:4
LH:4
BRF:0
BRH:0
end_of_record
TN:
SF:src\components\Quiz\index.tsx
FN:51,Quiz
FN:63,(anonymous_1)
FN:91,(anonymous_2)
FN:95,(anonymous_3)
FN:104,(anonymous_4)
FN:132,(anonymous_5)
FNF:6
FNH:6
FNDA:31,Quiz
FNDA:13,(anonymous_1)
FNDA:9,(anonymous_2)
FNDA:7,(anonymous_3)
FNDA:1,(anonymous_4)
FNDA:116,(anonymous_5)
DA:1,1
DA:3,1
DA:5,1
DA:6,1
DA:7,1
DA:8,1
DA:18,1
DA:51,1
DA:52,31
DA:53,31
DA:54,31
DA:55,31
DA:57,31
DA:59,31
DA:60,31
DA:63,31
DA:70,13
DA:73,13
DA:74,13
DA:76,13
DA:78,11
DA:79,11
DA:85,13
DA:91,31
DA:93,9
DA:95,7
DA:96,7
DA:98,2
DA:101,9
DA:104,31
DA:106,1
DA:107,1
DA:108,1
DA:112,31
DA:114,31
DA:115,31
DA:133,116
LF:37
LH:37
BRDA:73,0,0,11
BRDA:73,0,1,2
BRDA:76,1,0,11
BRDA:93,2,0,7
BRDA:93,2,1,2
BRDA:114,3,0,6
BRDA:114,3,1,25
BRDA:118,4,0,29
BRDA:118,4,1,2
BRDA:152,5,0,29
BRDA:152,5,1,13
BRDA:154,6,0,11
BRDA:154,6,1,2
BRDA:160,7,0,29
BRDA:160,7,1,13
BRF:15
BRH:15
end_of_record
TN:
SF:src\components\Result\index.tsx
FN:11,Result
FNF:1
FNH:1
FNDA:2,Result
DA:1,1
DA:3,1
DA:11,1
DA:13,2
LF:4
LH:4
BRF:0
BRH:0
end_of_record
